[0.000][INFO]:      ChromeDriver 21.0.1180.4 /usr/local/bin/chromedriver
[0.236][FINE]:      Initializing session with capabilities {
   "browserName": "chrome",
   "chrome.detach": true,
   "chromeOptions": {
      "detach": true
   },
   "cssSelectorsEnabled": true,
   "javascriptEnabled": true,
   "nativeEvents": false,
   "platform": "ANY",
   "rotatable": false,
   "takesScreenshot": false,
   "version": ""
}

[0.237][INFO]:      Using named testing interface
[0.733][INFO]:      Connected to Chrome successfully. Version: 23.0.1271.64
[0.766][FINE]:      Command received (/session/f75cb77448b91ff12c0faf6dfe97404e)
[0.766][FINE]:      Command finished (/session/f75cb77448b91ff12c0faf6dfe97404e) with response {
   "sessionId": "f75cb77448b91ff12c0faf6dfe97404e",
   "status": 0,
   "value": {
      "acceptSslCerts": false,
      "applicationCacheEnabled": false,
      "browserConnectionEnabled": false,
      "browserName": "chrome",
      "chrome.chromedriverVersion": "21.0.1180.4",
      "chrome.nativeEvents": false,
      "cssSelectorsEnabled": true,
      "databaseEnabled": false,
      "handlesAlerts": true,
      "javascriptEnabled": true,
      "locationContextEnabled": false,
      "nativeEvents": true,
      "platform": "mac",
      "rotatable": false,
      "takesScreenshot": true,
      "version": "23.0.1271.64",
      "webStorageEnabled": true
   }
}

[0.767][FINE]:      Command received (/session/f75cb77448b91ff12c0faf6dfe97404e/url) with params {
   "url": "http://127.0.0.1:65429/"
}

[0.767][FINER]:     Waiting for all views to stop loading...
[0.768][FINER]:     Done waiting for all views to stop loading
[1.111][FINER]:     Waiting for all views to stop loading...
[1.113][FINER]:     Done waiting for all views to stop loading
[1.113][FINE]:      Command finished (/session/f75cb77448b91ff12c0faf6dfe97404e/url) with response {
   "sessionId": "f75cb77448b91ff12c0faf6dfe97404e",
   "status": 0,
   "value": {

   }
}
