[0.000][INFO]:      ChromeDriver 21.0.1180.4 /usr/local/bin/chromedriver
[0.239][FINE]:      Initializing session with capabilities {
   "browserName": "chrome",
   "chrome.detach": true,
   "chromeOptions": {
      "detach": true
   },
   "cssSelectorsEnabled": true,
   "javascriptEnabled": true,
   "nativeEvents": false,
   "platform": "ANY",
   "rotatable": false,
   "takesScreenshot": false,
   "version": ""
}

[0.240][INFO]:      Using named testing interface
[0.791][INFO]:      Connected to Chrome successfully. Version: 23.0.1271.64
[0.823][FINE]:      Command received (/session/6baeba91978d398877a9e8f5fd897788)
[0.823][FINE]:      Command finished (/session/6baeba91978d398877a9e8f5fd897788) with response {
   "sessionId": "6baeba91978d398877a9e8f5fd897788",
   "status": 0,
   "value": {
      "acceptSslCerts": false,
      "applicationCacheEnabled": false,
      "browserConnectionEnabled": false,
      "browserName": "chrome",
      "chrome.chromedriverVersion": "21.0.1180.4",
      "chrome.nativeEvents": false,
      "cssSelectorsEnabled": true,
      "databaseEnabled": false,
      "handlesAlerts": true,
      "javascriptEnabled": true,
      "locationContextEnabled": false,
      "nativeEvents": true,
      "platform": "mac",
      "rotatable": false,
      "takesScreenshot": true,
      "version": "23.0.1271.64",
      "webStorageEnabled": true
   }
}

[0.824][FINE]:      Command received (/session/6baeba91978d398877a9e8f5fd897788/url) with params {
   "url": "http://0.0.0.0:3001/join"
}

[0.825][FINER]:     Waiting for all views to stop loading...
[0.825][FINER]:     Done waiting for all views to stop loading
[1.257][FINER]:     Waiting for all views to stop loading...
[1.258][FINER]:     Done waiting for all views to stop loading
[1.258][FINE]:      Command finished (/session/6baeba91978d398877a9e8f5fd897788/url) with response {
   "sessionId": "6baeba91978d398877a9e8f5fd897788",
   "status": 0,
   "value": {

   }
}

[1.272][FINE]:      Command received (/session/6baeba91978d398877a9e8f5fd897788/elements) with params {
   "using": "xpath",
   "value": ".//*[self::input | self::textarea][not(./@type = 'submit' or ./@type = 'image' or ./@type = 'radi..."
}

[1.272][FINER]:     Waiting for all views to stop loading...
[1.273][FINER]:     Done waiting for all views to stop loading
[1.282][FINER]:     Waiting for all views to stop loading...
[1.282][FINER]:     Done waiting for all views to stop loading
[1.282][FINE]:      Command finished (/session/6baeba91978d398877a9e8f5fd897788/elements) with response {
   "sessionId": "6baeba91978d398877a9e8f5fd897788",
   "status": 0,
   "value": [ {
      "ELEMENT": ":wdc:1353899233049"
   } ]
}

[1.289][FINE]:      Command received (/session/6baeba91978d398877a9e8f5fd897788/element/:wdc:1353899233049/displayed)
[1.289][FINER]:     Waiting for all views to stop loading...
[1.290][FINER]:     Done waiting for all views to stop loading
[1.297][FINER]:     Waiting for all views to stop loading...
[1.298][FINER]:     Done waiting for all views to stop loading
[1.298][FINE]:      Command finished (/session/6baeba91978d398877a9e8f5fd897788/element/:wdc:1353899233049/displayed) with response {
   "sessionId": "6baeba91978d398877a9e8f5fd897788",
   "status": 0,
   "value": true
}

[1.299][FINE]:      Command received (/session/6baeba91978d398877a9e8f5fd897788/element/:wdc:1353899233049/name)
[1.299][FINER]:     Waiting for all views to stop loading...
[1.299][FINER]:     Done waiting for all views to stop loading
[1.301][FINER]:     Waiting for all views to stop loading...
[1.301][FINER]:     Done waiting for all views to stop loading
[1.301][FINE]:      Command finished (/session/6baeba91978d398877a9e8f5fd897788/element/:wdc:1353899233049/name) with response {
   "sessionId": "6baeba91978d398877a9e8f5fd897788",
   "status": 0,
   "value": "input"
}

[1.302][FINE]:      Command received (/session/6baeba91978d398877a9e8f5fd897788/element/:wdc:1353899233049/attribute/type)
[1.302][FINER]:     Waiting for all views to stop loading...
[1.302][FINER]:     Done waiting for all views to stop loading
[1.317][FINER]:     Waiting for all views to stop loading...
[1.317][FINER]:     Done waiting for all views to stop loading
[1.317][FINE]:      Command finished (/session/6baeba91978d398877a9e8f5fd897788/element/:wdc:1353899233049/attribute/type) with response {
   "sessionId": "6baeba91978d398877a9e8f5fd897788",
   "status": 0,
   "value": "text"
}

[1.318][FINE]:      Command received (/session/6baeba91978d398877a9e8f5fd897788/execute) with params {
   "args": [ {
      "ELEMENT": ":wdc:1353899233049"
   } ],
   "script": "arguments[0].value = ''"
}

[1.318][FINER]:     Waiting for all views to stop loading...
[1.318][FINER]:     Done waiting for all views to stop loading
[1.320][FINER]:     Waiting for all views to stop loading...
[1.321][FINER]:     Done waiting for all views to stop loading
[1.321][FINE]:      Command finished (/session/6baeba91978d398877a9e8f5fd897788/execute) with response {
   "sessionId": "6baeba91978d398877a9e8f5fd897788",
   "status": 0,
   "value": null
}

[1.322][FINE]:      Command received (/session/6baeba91978d398877a9e8f5fd897788/element/:wdc:1353899233049/value) with params {
   "value": [ "Sparkle McPonytron" ]
}

[1.322][FINER]:     Waiting for all views to stop loading...
[1.322][FINER]:     Done waiting for all views to stop loading
[1.874][FINER]:     Waiting for all views to stop loading...
[1.874][FINER]:     Done waiting for all views to stop loading
[1.874][FINE]:      Command finished (/session/6baeba91978d398877a9e8f5fd897788/element/:wdc:1353899233049/value) with response {
   "sessionId": "6baeba91978d398877a9e8f5fd897788",
   "status": 0,
   "value": {

   }
}

[1.876][FINE]:      Command received (/session/6baeba91978d398877a9e8f5fd897788/elements) with params {
   "using": "xpath",
   "value": ".//*[self::input | self::textarea][not(./@type = 'submit' or ./@type = 'image' or ./@type = 'radi..."
}

[1.876][FINER]:     Waiting for all views to stop loading...
[1.876][FINER]:     Done waiting for all views to stop loading
[1.884][FINER]:     Waiting for all views to stop loading...
[1.884][FINER]:     Done waiting for all views to stop loading
[1.884][FINE]:      Command finished (/session/6baeba91978d398877a9e8f5fd897788/elements) with response {
   "sessionId": "6baeba91978d398877a9e8f5fd897788",
   "status": 0,
   "value": [ {
      "ELEMENT": ":wdc:1353899233050"
   } ]
}

[1.885][FINE]:      Command received (/session/6baeba91978d398877a9e8f5fd897788/element/:wdc:1353899233050/displayed)
[1.885][FINER]:     Waiting for all views to stop loading...
[1.885][FINER]:     Done waiting for all views to stop loading
[1.892][FINER]:     Waiting for all views to stop loading...
[1.892][FINER]:     Done waiting for all views to stop loading
[1.892][FINE]:      Command finished (/session/6baeba91978d398877a9e8f5fd897788/element/:wdc:1353899233050/displayed) with response {
   "sessionId": "6baeba91978d398877a9e8f5fd897788",
   "status": 0,
   "value": true
}

[1.893][FINE]:      Command received (/session/6baeba91978d398877a9e8f5fd897788/element/:wdc:1353899233050/name)
[1.893][FINER]:     Waiting for all views to stop loading...
[1.893][FINER]:     Done waiting for all views to stop loading
[1.896][FINER]:     Waiting for all views to stop loading...
[1.896][FINER]:     Done waiting for all views to stop loading
[1.896][FINE]:      Command finished (/session/6baeba91978d398877a9e8f5fd897788/element/:wdc:1353899233050/name) with response {
   "sessionId": "6baeba91978d398877a9e8f5fd897788",
   "status": 0,
   "value": "input"
}

[1.897][FINE]:      Command received (/session/6baeba91978d398877a9e8f5fd897788/element/:wdc:1353899233050/attribute/type)
[1.897][FINER]:     Waiting for all views to stop loading...
[1.897][FINER]:     Done waiting for all views to stop loading
[1.911][FINER]:     Waiting for all views to stop loading...
[1.911][FINER]:     Done waiting for all views to stop loading
[1.911][FINE]:      Command finished (/session/6baeba91978d398877a9e8f5fd897788/element/:wdc:1353899233050/attribute/type) with response {
   "sessionId": "6baeba91978d398877a9e8f5fd897788",
   "status": 0,
   "value": "text"
}

[1.912][FINE]:      Command received (/session/6baeba91978d398877a9e8f5fd897788/execute) with params {
   "args": [ {
      "ELEMENT": ":wdc:1353899233050"
   } ],
   "script": "arguments[0].value = ''"
}

[1.912][FINER]:     Waiting for all views to stop loading...
[1.912][FINER]:     Done waiting for all views to stop loading
[1.914][FINER]:     Waiting for all views to stop loading...
[1.915][FINER]:     Done waiting for all views to stop loading
[1.915][FINE]:      Command finished (/session/6baeba91978d398877a9e8f5fd897788/execute) with response {
   "sessionId": "6baeba91978d398877a9e8f5fd897788",
   "status": 0,
   "value": null
}

[1.915][FINE]:      Command received (/session/6baeba91978d398877a9e8f5fd897788/element/:wdc:1353899233050/value) with params {
   "value": [ "1353899231@6637.com" ]
}

[1.915][FINER]:     Waiting for all views to stop loading...
[1.916][FINER]:     Done waiting for all views to stop loading
[2.459][FINER]:     Waiting for all views to stop loading...
[2.459][FINER]:     Done waiting for all views to stop loading
[2.459][FINE]:      Command finished (/session/6baeba91978d398877a9e8f5fd897788/element/:wdc:1353899233050/value) with response {
   "sessionId": "6baeba91978d398877a9e8f5fd897788",
   "status": 0,
   "value": {

   }
}

[2.462][FINE]:      Command received (/session/6baeba91978d398877a9e8f5fd897788/elements) with params {
   "using": "xpath",
   "value": ".//*[self::input | self::textarea][not(./@type = 'submit' or ./@type = 'image' or ./@type = 'radi..."
}

[2.462][FINER]:     Waiting for all views to stop loading...
[2.462][FINER]:     Done waiting for all views to stop loading
[2.473][FINER]:     Waiting for all views to stop loading...
[2.473][FINER]:     Done waiting for all views to stop loading
[2.473][FINE]:      Command finished (/session/6baeba91978d398877a9e8f5fd897788/elements) with response {
   "sessionId": "6baeba91978d398877a9e8f5fd897788",
   "status": 0,
   "value": [ {
      "ELEMENT": ":wdc:1353899233051"
   } ]
}

[2.474][FINE]:      Command received (/session/6baeba91978d398877a9e8f5fd897788/element/:wdc:1353899233051/displayed)
[2.474][FINER]:     Waiting for all views to stop loading...
[2.474][FINER]:     Done waiting for all views to stop loading
[2.481][FINER]:     Waiting for all views to stop loading...
[2.481][FINER]:     Done waiting for all views to stop loading
[2.481][FINE]:      Command finished (/session/6baeba91978d398877a9e8f5fd897788/element/:wdc:1353899233051/displayed) with response {
   "sessionId": "6baeba91978d398877a9e8f5fd897788",
   "status": 0,
   "value": true
}

[2.482][FINE]:      Command received (/session/6baeba91978d398877a9e8f5fd897788/element/:wdc:1353899233051/name)
[2.482][FINER]:     Waiting for all views to stop loading...
[2.483][FINER]:     Done waiting for all views to stop loading
[2.485][FINER]:     Waiting for all views to stop loading...
[2.485][FINER]:     Done waiting for all views to stop loading
[2.485][FINE]:      Command finished (/session/6baeba91978d398877a9e8f5fd897788/element/:wdc:1353899233051/name) with response {
   "sessionId": "6baeba91978d398877a9e8f5fd897788",
   "status": 0,
   "value": "input"
}

[2.485][FINE]:      Command received (/session/6baeba91978d398877a9e8f5fd897788/element/:wdc:1353899233051/attribute/type)
[2.486][FINER]:     Waiting for all views to stop loading...
[2.486][FINER]:     Done waiting for all views to stop loading
[2.499][FINER]:     Waiting for all views to stop loading...
[2.499][FINER]:     Done waiting for all views to stop loading
[2.499][FINE]:      Command finished (/session/6baeba91978d398877a9e8f5fd897788/element/:wdc:1353899233051/attribute/type) with response {
   "sessionId": "6baeba91978d398877a9e8f5fd897788",
   "status": 0,
   "value": "password"
}

[2.500][FINE]:      Command received (/session/6baeba91978d398877a9e8f5fd897788/execute) with params {
   "args": [ {
      "ELEMENT": ":wdc:1353899233051"
   } ],
   "script": "arguments[0].value = ''"
}

[2.500][FINER]:     Waiting for all views to stop loading...
[2.501][FINER]:     Done waiting for all views to stop loading
[2.503][FINER]:     Waiting for all views to stop loading...
[2.503][FINER]:     Done waiting for all views to stop loading
[2.503][FINE]:      Command finished (/session/6baeba91978d398877a9e8f5fd897788/execute) with response {
   "sessionId": "6baeba91978d398877a9e8f5fd897788",
   "status": 0,
   "value": null
}

[2.504][FINE]:      Command received (/session/6baeba91978d398877a9e8f5fd897788/element/:wdc:1353899233051/value) with params {
   "value": [ "threeponylimit" ]
}

[2.504][FINER]:     Waiting for all views to stop loading...
[2.504][FINER]:     Done waiting for all views to stop loading
[2.973][FINER]:     Waiting for all views to stop loading...
[2.973][FINER]:     Done waiting for all views to stop loading
[2.973][FINE]:      Command finished (/session/6baeba91978d398877a9e8f5fd897788/element/:wdc:1353899233051/value) with response {
   "sessionId": "6baeba91978d398877a9e8f5fd897788",
   "status": 0,
   "value": {

   }
}

[2.975][FINE]:      Command received (/session/6baeba91978d398877a9e8f5fd897788/elements) with params {
   "using": "xpath",
   "value": ".//a[./@href][(((./@id = 'Join' or normalize-space(string(.)) = 'Join') or ./@title = 'Join') or ..."
}

[2.975][FINER]:     Waiting for all views to stop loading...
[2.976][FINER]:     Done waiting for all views to stop loading
[2.983][FINER]:     Waiting for all views to stop loading...
[2.984][FINER]:     Done waiting for all views to stop loading
[2.984][FINE]:      Command finished (/session/6baeba91978d398877a9e8f5fd897788/elements) with response {
   "sessionId": "6baeba91978d398877a9e8f5fd897788",
   "status": 0,
   "value": [ {
      "ELEMENT": ":wdc:1353899233052"
   } ]
}

[2.984][FINE]:      Command received (/session/6baeba91978d398877a9e8f5fd897788/element/:wdc:1353899233052/displayed)
[2.984][FINER]:     Waiting for all views to stop loading...
[2.985][FINER]:     Done waiting for all views to stop loading
[2.991][FINER]:     Waiting for all views to stop loading...
[2.991][FINER]:     Done waiting for all views to stop loading
[2.991][FINE]:      Command finished (/session/6baeba91978d398877a9e8f5fd897788/element/:wdc:1353899233052/displayed) with response {
   "sessionId": "6baeba91978d398877a9e8f5fd897788",
   "status": 0,
   "value": true
}

[2.992][FINE]:      Command received (/session/6baeba91978d398877a9e8f5fd897788/element/:wdc:1353899233052/click) with params {

}

[2.992][FINER]:     Waiting for all views to stop loading...
[2.993][FINER]:     Done waiting for all views to stop loading
[3.025][FINER]:     Waiting for all views to stop loading...
[3.342][FINER]:     Done waiting for all views to stop loading
[3.343][FINE]:      Command finished (/session/6baeba91978d398877a9e8f5fd897788/element/:wdc:1353899233052/click) with response {
   "sessionId": "6baeba91978d398877a9e8f5fd897788",
   "status": 0,
   "value": {

   }
}

[3.345][FINE]:      Command received (/session/6baeba91978d398877a9e8f5fd897788/elements) with params {
   "using": "xpath",
   "value": "/html"
}

[3.345][FINER]:     Waiting for all views to stop loading...
[3.490][FINER]:     Done waiting for all views to stop loading
[3.541][FINER]:     Waiting for all views to stop loading...
[3.541][FINER]:     Done waiting for all views to stop loading
[3.541][FINE]:      Command finished (/session/6baeba91978d398877a9e8f5fd897788/elements) with response {
   "sessionId": "6baeba91978d398877a9e8f5fd897788",
   "status": 0,
   "value": [ {
      "ELEMENT": ":wdc:1353899235308"
   } ]
}

[3.542][FINE]:      Command received (/session/6baeba91978d398877a9e8f5fd897788/element/:wdc:1353899235308/displayed)
[3.542][FINER]:     Waiting for all views to stop loading...
[3.542][FINER]:     Done waiting for all views to stop loading
[3.549][FINER]:     Waiting for all views to stop loading...
[3.549][FINER]:     Done waiting for all views to stop loading
[3.549][FINE]:      Command finished (/session/6baeba91978d398877a9e8f5fd897788/element/:wdc:1353899235308/displayed) with response {
   "sessionId": "6baeba91978d398877a9e8f5fd897788",
   "status": 0,
   "value": true
}

[3.550][FINE]:      Command received (/session/6baeba91978d398877a9e8f5fd897788/element/:wdc:1353899235308/text)
[3.550][FINER]:     Waiting for all views to stop loading...
[3.550][FINER]:     Done waiting for all views to stop loading
[3.571][FINER]:     Waiting for all views to stop loading...
[3.571][FINER]:     Done waiting for all views to stop loading
[3.571][FINE]:      Command finished (/session/6baeba91978d398877a9e8f5fd897788/element/:wdc:1353899235308/text) with response {
   "sessionId": "6baeba91978d398877a9e8f5fd897788",
   "status": 0,
   "value": "home\nHey Sparkle McPonytron Logout\n\u00D7\nHi Sparkle McPonytron, Welcome to Multify\nMultify\nProjects\n..."
}

[3.573][FINE]:      Command received (/session/6baeba91978d398877a9e8f5fd897788/elements) with params {
   "using": "xpath",
   "value": ".//a[./@href][(((./@id = 'New Project' or normalize-space(string(.)) = 'New Project') or ./@title..."
}

[3.573][FINER]:     Waiting for all views to stop loading...
[3.573][FINER]:     Done waiting for all views to stop loading
[3.581][FINER]:     Waiting for all views to stop loading...
[3.581][FINER]:     Done waiting for all views to stop loading
[3.581][FINE]:      Command finished (/session/6baeba91978d398877a9e8f5fd897788/elements) with response {
   "sessionId": "6baeba91978d398877a9e8f5fd897788",
   "status": 0,
   "value": [ {
      "ELEMENT": ":wdc:1353899235309"
   } ]
}

[3.582][FINE]:      Command received (/session/6baeba91978d398877a9e8f5fd897788/element/:wdc:1353899235309/displayed)
[3.582][FINER]:     Waiting for all views to stop loading...
[3.582][FINER]:     Done waiting for all views to stop loading
[3.589][FINER]:     Waiting for all views to stop loading...
[3.589][FINER]:     Done waiting for all views to stop loading
[3.589][FINE]:      Command finished (/session/6baeba91978d398877a9e8f5fd897788/element/:wdc:1353899235309/displayed) with response {
   "sessionId": "6baeba91978d398877a9e8f5fd897788",
   "status": 0,
   "value": true
}

[3.590][FINE]:      Command received (/session/6baeba91978d398877a9e8f5fd897788/element/:wdc:1353899235309/click) with params {

}

[3.590][FINER]:     Waiting for all views to stop loading...
[3.590][FINER]:     Done waiting for all views to stop loading
[3.627][FINER]:     Waiting for all views to stop loading...
[3.695][FINER]:     Done waiting for all views to stop loading
[3.695][FINE]:      Command finished (/session/6baeba91978d398877a9e8f5fd897788/element/:wdc:1353899235309/click) with response {
   "sessionId": "6baeba91978d398877a9e8f5fd897788",
   "status": 0,
   "value": {

   }
}

[3.697][FINE]:      Command received (/session/6baeba91978d398877a9e8f5fd897788/elements) with params {
   "using": "xpath",
   "value": ".//*[self::input | self::textarea][not(./@type = 'submit' or ./@type = 'image' or ./@type = 'radi..."
}

[3.697][FINER]:     Waiting for all views to stop loading...
[3.697][FINER]:     Done waiting for all views to stop loading
[3.709][FINER]:     Waiting for all views to stop loading...
[3.710][FINER]:     Done waiting for all views to stop loading
[3.710][FINE]:      Command finished (/session/6baeba91978d398877a9e8f5fd897788/elements) with response {
   "sessionId": "6baeba91978d398877a9e8f5fd897788",
   "status": 0,
   "value": [ {
      "ELEMENT": ":wdc:1353899235473"
   } ]
}

[3.711][FINE]:      Command received (/session/6baeba91978d398877a9e8f5fd897788/element/:wdc:1353899235473/displayed)
[3.711][FINER]:     Waiting for all views to stop loading...
[3.738][FINER]:     Done waiting for all views to stop loading
[3.771][FINER]:     Waiting for all views to stop loading...
[3.772][FINER]:     Done waiting for all views to stop loading
[3.772][FINE]:      Command finished (/session/6baeba91978d398877a9e8f5fd897788/element/:wdc:1353899235473/displayed) with response {
   "sessionId": "6baeba91978d398877a9e8f5fd897788",
   "status": 0,
   "value": true
}

[3.773][FINE]:      Command received (/session/6baeba91978d398877a9e8f5fd897788/element/:wdc:1353899235473/name)
[3.773][FINER]:     Waiting for all views to stop loading...
[3.794][FINER]:     Done waiting for all views to stop loading
[3.839][FINER]:     Waiting for all views to stop loading...
[3.839][FINER]:     Done waiting for all views to stop loading
[3.839][FINE]:      Command finished (/session/6baeba91978d398877a9e8f5fd897788/element/:wdc:1353899235473/name) with response {
   "sessionId": "6baeba91978d398877a9e8f5fd897788",
   "status": 0,
   "value": "input"
}

[3.840][FINE]:      Command received (/session/6baeba91978d398877a9e8f5fd897788/element/:wdc:1353899235473/attribute/type)
[3.840][FINER]:     Waiting for all views to stop loading...
[3.840][FINER]:     Done waiting for all views to stop loading
[3.872][FINER]:     Waiting for all views to stop loading...
[3.872][FINER]:     Done waiting for all views to stop loading
[3.872][FINE]:      Command finished (/session/6baeba91978d398877a9e8f5fd897788/element/:wdc:1353899235473/attribute/type) with response {
   "sessionId": "6baeba91978d398877a9e8f5fd897788",
   "status": 0,
   "value": "text"
}

[3.874][FINE]:      Command received (/session/6baeba91978d398877a9e8f5fd897788/execute) with params {
   "args": [ {
      "ELEMENT": ":wdc:1353899235473"
   } ],
   "script": "arguments[0].value = ''"
}

[3.874][FINER]:     Waiting for all views to stop loading...
[3.874][FINER]:     Done waiting for all views to stop loading
[3.876][FINER]:     Waiting for all views to stop loading...
[3.876][FINER]:     Done waiting for all views to stop loading
[3.876][FINE]:      Command finished (/session/6baeba91978d398877a9e8f5fd897788/execute) with response {
   "sessionId": "6baeba91978d398877a9e8f5fd897788",
   "status": 0,
   "value": null
}

[3.877][FINE]:      Command received (/session/6baeba91978d398877a9e8f5fd897788/element/:wdc:1353899235473/value) with params {
   "value": [ "Round up 1353899235 Ponies" ]
}

[3.877][FINER]:     Waiting for all views to stop loading...
[3.877][FINER]:     Done waiting for all views to stop loading
[4.560][FINER]:     Waiting for all views to stop loading...
[4.560][FINER]:     Done waiting for all views to stop loading
[4.561][FINE]:      Command finished (/session/6baeba91978d398877a9e8f5fd897788/element/:wdc:1353899235473/value) with response {
   "sessionId": "6baeba91978d398877a9e8f5fd897788",
   "status": 0,
   "value": {

   }
}

[4.562][FINE]:      Command received (/session/6baeba91978d398877a9e8f5fd897788/elements) with params {
   "using": "xpath",
   "value": ".//a[./@href][(((./@id = 'Save' or normalize-space(string(.)) = 'Save') or ./@title = 'Save') or ..."
}

[4.562][FINER]:     Waiting for all views to stop loading...
[4.563][FINER]:     Done waiting for all views to stop loading
[4.570][FINER]:     Waiting for all views to stop loading...
[4.571][FINER]:     Done waiting for all views to stop loading
[4.571][FINE]:      Command finished (/session/6baeba91978d398877a9e8f5fd897788/elements) with response {
   "sessionId": "6baeba91978d398877a9e8f5fd897788",
   "status": 0,
   "value": [ {
      "ELEMENT": ":wdc:1353899235474"
   } ]
}

[4.572][FINE]:      Command received (/session/6baeba91978d398877a9e8f5fd897788/element/:wdc:1353899235474/displayed)
[4.572][FINER]:     Waiting for all views to stop loading...
[4.572][FINER]:     Done waiting for all views to stop loading
[4.579][FINER]:     Waiting for all views to stop loading...
[4.579][FINER]:     Done waiting for all views to stop loading
[4.579][FINE]:      Command finished (/session/6baeba91978d398877a9e8f5fd897788/element/:wdc:1353899235474/displayed) with response {
   "sessionId": "6baeba91978d398877a9e8f5fd897788",
   "status": 0,
   "value": true
}

[4.580][FINE]:      Command received (/session/6baeba91978d398877a9e8f5fd897788/element/:wdc:1353899235474/click) with params {

}

[4.580][FINER]:     Waiting for all views to stop loading...
[4.580][FINER]:     Done waiting for all views to stop loading
[4.621][FINER]:     Waiting for all views to stop loading...
[4.858][FINER]:     Done waiting for all views to stop loading
[4.858][FINE]:      Command finished (/session/6baeba91978d398877a9e8f5fd897788/element/:wdc:1353899235474/click) with response {
   "sessionId": "6baeba91978d398877a9e8f5fd897788",
   "status": 0,
   "value": {

   }
}

[4.859][FINE]:      Command received (/session/6baeba91978d398877a9e8f5fd897788/elements) with params {
   "using": "xpath",
   "value": "/html"
}

[4.859][FINER]:     Waiting for all views to stop loading...
[4.878][FINER]:     Done waiting for all views to stop loading
[4.881][FINER]:     Waiting for all views to stop loading...
[4.881][FINER]:     Done waiting for all views to stop loading
[4.881][FINE]:      Command finished (/session/6baeba91978d398877a9e8f5fd897788/elements) with response {
   "sessionId": "6baeba91978d398877a9e8f5fd897788",
   "status": 0,
   "value": [ {
      "ELEMENT": ":wdc:1353899236648"
   } ]
}

[4.882][FINE]:      Command received (/session/6baeba91978d398877a9e8f5fd897788/element/:wdc:1353899236648/displayed)
[4.882][FINER]:     Waiting for all views to stop loading...
[4.882][FINER]:     Done waiting for all views to stop loading
[4.889][FINER]:     Waiting for all views to stop loading...
[4.889][FINER]:     Done waiting for all views to stop loading
[4.889][FINE]:      Command finished (/session/6baeba91978d398877a9e8f5fd897788/element/:wdc:1353899236648/displayed) with response {
   "sessionId": "6baeba91978d398877a9e8f5fd897788",
   "status": 0,
   "value": true
}

[4.890][FINE]:      Command received (/session/6baeba91978d398877a9e8f5fd897788/element/:wdc:1353899236648/text)
[4.890][FINER]:     Waiting for all views to stop loading...
[4.890][FINER]:     Done waiting for all views to stop loading
[4.912][FINER]:     Waiting for all views to stop loading...
[4.912][FINER]:     Done waiting for all views to stop loading
[4.912][FINE]:      Command finished (/session/6baeba91978d398877a9e8f5fd897788/element/:wdc:1353899236648/text) with response {
   "sessionId": "6baeba91978d398877a9e8f5fd897788",
   "status": 0,
   "value": "home\nHey Sparkle McPonytron Logout\n\u00D7\nProject Round up 1353899235 Ponies was successfully created..."
}

[4.914][FINE]:      Command received (/session/6baeba91978d398877a9e8f5fd897788/elements) with params {
   "using": "xpath",
   "value": ".//a[./@href][(((./@id = 'Tasks' or normalize-space(string(.)) = 'Tasks') or ./@title = 'Tasks') ..."
}

[4.914][FINER]:     Waiting for all views to stop loading...
[4.914][FINER]:     Done waiting for all views to stop loading
[4.922][FINER]:     Waiting for all views to stop loading...
[4.922][FINER]:     Done waiting for all views to stop loading
[4.922][FINE]:      Command finished (/session/6baeba91978d398877a9e8f5fd897788/elements) with response {
   "sessionId": "6baeba91978d398877a9e8f5fd897788",
   "status": 0,
   "value": [ {
      "ELEMENT": ":wdc:1353899236649"
   } ]
}

[4.923][FINE]:      Command received (/session/6baeba91978d398877a9e8f5fd897788/element/:wdc:1353899236649/displayed)
[4.923][FINER]:     Waiting for all views to stop loading...
[4.923][FINER]:     Done waiting for all views to stop loading
[4.930][FINER]:     Waiting for all views to stop loading...
[4.930][FINER]:     Done waiting for all views to stop loading
[4.930][FINE]:      Command finished (/session/6baeba91978d398877a9e8f5fd897788/element/:wdc:1353899236649/displayed) with response {
   "sessionId": "6baeba91978d398877a9e8f5fd897788",
   "status": 0,
   "value": true
}

[4.931][FINE]:      Command received (/session/6baeba91978d398877a9e8f5fd897788/element/:wdc:1353899236649/click) with params {

}

[4.931][FINER]:     Waiting for all views to stop loading...
[4.931][FINER]:     Done waiting for all views to stop loading
[4.993][FINER]:     Waiting for all views to stop loading...
[5.077][FINER]:     Done waiting for all views to stop loading
[5.077][FINE]:      Command finished (/session/6baeba91978d398877a9e8f5fd897788/element/:wdc:1353899236649/click) with response {
   "sessionId": "6baeba91978d398877a9e8f5fd897788",
   "status": 0,
   "value": {

   }
}

[5.079][FINE]:      Command received (/session/6baeba91978d398877a9e8f5fd897788/elements) with params {
   "using": "xpath",
   "value": ".//a[./@href][(((./@id = 'New Task' or normalize-space(string(.)) = 'New Task') or ./@title = 'Ne..."
}

[5.079][FINER]:     Waiting for all views to stop loading...
[5.079][FINER]:     Done waiting for all views to stop loading
[5.132][FINER]:     Waiting for all views to stop loading...
[5.132][FINER]:     Done waiting for all views to stop loading
[5.132][FINE]:      Command finished (/session/6baeba91978d398877a9e8f5fd897788/elements) with response {
   "sessionId": "6baeba91978d398877a9e8f5fd897788",
   "status": 0,
   "value": [ {
      "ELEMENT": ":wdc:1353899236899"
   } ]
}

[5.133][FINE]:      Command received (/session/6baeba91978d398877a9e8f5fd897788/element/:wdc:1353899236899/displayed)
[5.133][FINER]:     Waiting for all views to stop loading...
[5.133][FINER]:     Done waiting for all views to stop loading
[5.141][FINER]:     Waiting for all views to stop loading...
[5.141][FINER]:     Done waiting for all views to stop loading
[5.141][FINE]:      Command finished (/session/6baeba91978d398877a9e8f5fd897788/element/:wdc:1353899236899/displayed) with response {
   "sessionId": "6baeba91978d398877a9e8f5fd897788",
   "status": 0,
   "value": true
}

[5.142][FINE]:      Command received (/session/6baeba91978d398877a9e8f5fd897788/element/:wdc:1353899236899/click) with params {

}

[5.142][FINER]:     Waiting for all views to stop loading...
[5.142][FINER]:     Done waiting for all views to stop loading
[5.210][FINER]:     Waiting for all views to stop loading...
[5.324][FINER]:     Done waiting for all views to stop loading
[5.324][FINE]:      Command finished (/session/6baeba91978d398877a9e8f5fd897788/element/:wdc:1353899236899/click) with response {
   "sessionId": "6baeba91978d398877a9e8f5fd897788",
   "status": 0,
   "value": {

   }
}

[5.325][FINE]:      Command received (/session/6baeba91978d398877a9e8f5fd897788/elements) with params {
   "using": "xpath",
   "value": ".//*[self::input | self::textarea][not(./@type = 'submit' or ./@type = 'image' or ./@type = 'radi..."
}

[5.325][FINER]:     Waiting for all views to stop loading...
[5.327][FINER]:     Done waiting for all views to stop loading
[5.344][FINER]:     Waiting for all views to stop loading...
[5.344][FINER]:     Done waiting for all views to stop loading
[5.344][FINE]:      Command finished (/session/6baeba91978d398877a9e8f5fd897788/elements) with response {
   "sessionId": "6baeba91978d398877a9e8f5fd897788",
   "status": 0,
   "value": [ {
      "ELEMENT": ":wdc:1353899237100"
   } ]
}

[5.345][FINE]:      Command received (/session/6baeba91978d398877a9e8f5fd897788/element/:wdc:1353899237100/displayed)
[5.345][FINER]:     Waiting for all views to stop loading...
[5.345][FINER]:     Done waiting for all views to stop loading
[5.352][FINER]:     Waiting for all views to stop loading...
[5.352][FINER]:     Done waiting for all views to stop loading
[5.353][FINE]:      Command finished (/session/6baeba91978d398877a9e8f5fd897788/element/:wdc:1353899237100/displayed) with response {
   "sessionId": "6baeba91978d398877a9e8f5fd897788",
   "status": 0,
   "value": true
}

[5.354][FINE]:      Command received (/session/6baeba91978d398877a9e8f5fd897788/element/:wdc:1353899237100/name)
[5.354][FINER]:     Waiting for all views to stop loading...
[5.354][FINER]:     Done waiting for all views to stop loading
[5.356][FINER]:     Waiting for all views to stop loading...
[5.356][FINER]:     Done waiting for all views to stop loading
[5.356][FINE]:      Command finished (/session/6baeba91978d398877a9e8f5fd897788/element/:wdc:1353899237100/name) with response {
   "sessionId": "6baeba91978d398877a9e8f5fd897788",
   "status": 0,
   "value": "input"
}

[5.357][FINE]:      Command received (/session/6baeba91978d398877a9e8f5fd897788/element/:wdc:1353899237100/attribute/type)
[5.357][FINER]:     Waiting for all views to stop loading...
[5.357][FINER]:     Done waiting for all views to stop loading
[5.371][FINER]:     Waiting for all views to stop loading...
[5.371][FINER]:     Done waiting for all views to stop loading
[5.371][FINE]:      Command finished (/session/6baeba91978d398877a9e8f5fd897788/element/:wdc:1353899237100/attribute/type) with response {
   "sessionId": "6baeba91978d398877a9e8f5fd897788",
   "status": 0,
   "value": "text"
}

[5.372][FINE]:      Command received (/session/6baeba91978d398877a9e8f5fd897788/execute) with params {
   "args": [ {
      "ELEMENT": ":wdc:1353899237100"
   } ],
   "script": "arguments[0].value = ''"
}

[5.372][FINER]:     Waiting for all views to stop loading...
[5.373][FINER]:     Done waiting for all views to stop loading
[5.375][FINER]:     Waiting for all views to stop loading...
[5.375][FINER]:     Done waiting for all views to stop loading
[5.375][FINE]:      Command finished (/session/6baeba91978d398877a9e8f5fd897788/execute) with response {
   "sessionId": "6baeba91978d398877a9e8f5fd897788",
   "status": 0,
   "value": null
}

[5.376][FINE]:      Command received (/session/6baeba91978d398877a9e8f5fd897788/element/:wdc:1353899237100/value) with params {
   "value": [ "Hire 676949618 amount of Pony-finding dogs" ]
}

[5.376][FINER]:     Waiting for all views to stop loading...
[5.376][FINER]:     Done waiting for all views to stop loading
[6.345][FINER]:     Waiting for all views to stop loading...
[6.345][FINER]:     Done waiting for all views to stop loading
[6.345][FINE]:      Command finished (/session/6baeba91978d398877a9e8f5fd897788/element/:wdc:1353899237100/value) with response {
   "sessionId": "6baeba91978d398877a9e8f5fd897788",
   "status": 0,
   "value": {

   }
}

[25.058][FINE]:     Command received (/session/6baeba91978d398877a9e8f5fd897788/elements) with params {
   "using": "xpath",
   "value": ".//a[./@href][(((./@id = 'Save' or normalize-space(string(.)) = 'Save') or ./@title = 'Save') or ..."
}

[25.058][FINER]:    Waiting for all views to stop loading...
[25.058][FINER]:    Done waiting for all views to stop loading
[25.061][FINER]:    Waiting for all views to stop loading...
[25.062][FINER]:    Done waiting for all views to stop loading
[25.062][FINE]:     Command finished (/session/6baeba91978d398877a9e8f5fd897788/elements) with response {
   "sessionId": "6baeba91978d398877a9e8f5fd897788",
   "status": 0,
   "value": [ {
      "ELEMENT": ":wdc:1353899237101"
   } ]
}

[25.062][FINE]:     Command received (/session/6baeba91978d398877a9e8f5fd897788/element/:wdc:1353899237101/displayed)
[25.062][FINER]:    Waiting for all views to stop loading...
[25.062][FINER]:    Done waiting for all views to stop loading
[25.069][FINER]:    Waiting for all views to stop loading...
[25.070][FINER]:    Done waiting for all views to stop loading
[25.070][FINE]:     Command finished (/session/6baeba91978d398877a9e8f5fd897788/element/:wdc:1353899237101/displayed) with response {
   "sessionId": "6baeba91978d398877a9e8f5fd897788",
   "status": 0,
   "value": true
}

[25.071][FINE]:     Command received (/session/6baeba91978d398877a9e8f5fd897788/element/:wdc:1353899237101/click) with params {

}

[25.071][FINER]:    Waiting for all views to stop loading...
[25.071][FINER]:    Done waiting for all views to stop loading
[25.120][FINER]:    Waiting for all views to stop loading...
[25.374][FINER]:    Done waiting for all views to stop loading
[25.374][FINE]:     Command finished (/session/6baeba91978d398877a9e8f5fd897788/element/:wdc:1353899237101/click) with response {
   "sessionId": "6baeba91978d398877a9e8f5fd897788",
   "status": 0,
   "value": {

   }
}

[63.698][FINE]:     Command received (/session/6baeba91978d398877a9e8f5fd897788/elements) with params {
   "using": "xpath",
   "value": "/html"
}

[63.698][FINER]:    Waiting for all views to stop loading...
[63.698][FINER]:    Done waiting for all views to stop loading
[63.706][FINER]:    Waiting for all views to stop loading...
[63.706][FINER]:    Done waiting for all views to stop loading
[63.707][FINE]:     Command finished (/session/6baeba91978d398877a9e8f5fd897788/elements) with response {
   "sessionId": "6baeba91978d398877a9e8f5fd897788",
   "status": 0,
   "value": [ {
      "ELEMENT": ":wdc:1353899295474"
   } ]
}

[63.707][FINE]:     Command received (/session/6baeba91978d398877a9e8f5fd897788/element/:wdc:1353899295474/displayed)
[63.707][FINER]:    Waiting for all views to stop loading...
[63.708][FINER]:    Done waiting for all views to stop loading
[63.714][FINER]:    Waiting for all views to stop loading...
[63.714][FINER]:    Done waiting for all views to stop loading
[63.714][FINE]:     Command finished (/session/6baeba91978d398877a9e8f5fd897788/element/:wdc:1353899295474/displayed) with response {
   "sessionId": "6baeba91978d398877a9e8f5fd897788",
   "status": 0,
   "value": true
}

[63.715][FINE]:     Command received (/session/6baeba91978d398877a9e8f5fd897788/element/:wdc:1353899295474/text)
[63.715][FINER]:    Waiting for all views to stop loading...
[63.715][FINER]:    Done waiting for all views to stop loading
[63.740][FINER]:    Waiting for all views to stop loading...
[63.740][FINER]:    Done waiting for all views to stop loading
[63.740][FINE]:     Command finished (/session/6baeba91978d398877a9e8f5fd897788/element/:wdc:1353899295474/text) with response {
   "sessionId": "6baeba91978d398877a9e8f5fd897788",
   "status": 0,
   "value": "home\nHey Sparkle McPonytron Logout\n\u00D7\nTask was successfully created.\nTask was successfully create..."
}

[303.918][FINE]:    Command received (/session/6baeba91978d398877a9e8f5fd897788/cookie)
[303.918][FINER]:   Waiting for all views to stop loading...
[303.919][FINER]:   Done waiting for all views to stop loading
[303.923][FINER]:   Waiting for all views to stop loading...
[303.923][FINER]:   Done waiting for all views to stop loading
[303.923][FINE]:    Command finished (/session/6baeba91978d398877a9e8f5fd897788/cookie) with response {
   "sessionId": "6baeba91978d398877a9e8f5fd897788",
   "status": 0,
   "value": {

   }
}

[303.924][FINE]:    Command received (/session/6baeba91978d398877a9e8f5fd897788/url) with params {
   "url": "about:blank"
}

[303.924][FINER]:   Waiting for all views to stop loading...
[303.924][FINER]:   Done waiting for all views to stop loading
[304.052][FINER]:   Waiting for all views to stop loading...
[304.059][FINER]:   Done waiting for all views to stop loading
[304.059][FINE]:    Command finished (/session/6baeba91978d398877a9e8f5fd897788/url) with response {
   "sessionId": "6baeba91978d398877a9e8f5fd897788",
   "status": 0,
   "value": {

   }
}

[304.060][FINE]:    Command received (/session/6baeba91978d398877a9e8f5fd897788)
